2020-06-22 08:44:41,499 INFO 2260 [egg-schedule]: register schedule E:\web前端\项目练习\shopping-mall\server\node_modules\_egg-multipart@2.10.3@egg-multipart\app\schedule\clean_tmpdir.js
2020-06-22 08:44:41,499 INFO 2260 [egg-schedule]: register schedule E:\web前端\项目练习\shopping-mall\server\node_modules\_egg-logrotator@3.1.0@egg-logrotator\app\schedule\clean_log.js
2020-06-22 08:44:41,499 INFO 2260 [egg-schedule]: register schedule E:\web前端\项目练习\shopping-mall\server\node_modules\_egg-logrotator@3.1.0@egg-logrotator\app\schedule\rotate_by_file.js
2020-06-22 08:44:42,341 INFO 3484 [egg-schedule]: register schedule E:\web前端\项目练习\shopping-mall\server\node_modules\_egg-multipart@2.10.3@egg-multipart\app\schedule\clean_tmpdir.js
2020-06-22 08:44:42,341 INFO 3484 [egg-schedule]: register schedule E:\web前端\项目练习\shopping-mall\server\node_modules\_egg-logrotator@3.1.0@egg-logrotator\app\schedule\clean_log.js
2020-06-22 08:44:42,341 INFO 3484 [egg-schedule]: register schedule E:\web前端\项目练习\shopping-mall\server\node_modules\_egg-logrotator@3.1.0@egg-logrotator\app\schedule\rotate_by_file.js
2020-06-22 08:44:55,848 INFO 8144 [Timer] E:\web前端\项目练习\shopping-mall\server\node_modules\_egg-multipart@2.10.3@egg-multipart\app\schedule\clean_tmpdir.js next time will execute after 71104155ms at 2020-06-23 04:30:00.003
2020-06-22 08:44:55,848 INFO 8144 [Timer] E:\web前端\项目练习\shopping-mall\server\node_modules\_egg-logrotator@3.1.0@egg-logrotator\app\schedule\clean_log.js next time will execute after 54904152ms at 2020-06-23 00:00:00.000
2020-06-22 08:44:55,849 INFO 8144 [Timer] E:\web前端\项目练习\shopping-mall\server\node_modules\_egg-logrotator@3.1.0@egg-logrotator\app\schedule\rotate_by_file.js next time will execute after 54905152ms at 2020-06-23 00:00:01.001
2020-06-22 08:44:56,923 INFO 8232 [egg-schedule]: register schedule E:\web前端\项目练习\shopping-mall\server\node_modules\_egg-multipart@2.10.3@egg-multipart\app\schedule\clean_tmpdir.js
2020-06-22 08:44:56,923 INFO 8232 [egg-schedule]: register schedule E:\web前端\项目练习\shopping-mall\server\node_modules\_egg-logrotator@3.1.0@egg-logrotator\app\schedule\clean_log.js
2020-06-22 08:44:56,923 INFO 8232 [egg-schedule]: register schedule E:\web前端\项目练习\shopping-mall\server\node_modules\_egg-logrotator@3.1.0@egg-logrotator\app\schedule\rotate_by_file.js
2020-06-22 08:44:58,836 INFO 6068 [egg-schedule]: register schedule E:\web前端\项目练习\shopping-mall\server\node_modules\_egg-multipart@2.10.3@egg-multipart\app\schedule\clean_tmpdir.js
2020-06-22 08:44:58,836 INFO 6068 [egg-schedule]: register schedule E:\web前端\项目练习\shopping-mall\server\node_modules\_egg-logrotator@3.1.0@egg-logrotator\app\schedule\clean_log.js
2020-06-22 08:44:58,836 INFO 6068 [egg-schedule]: register schedule E:\web前端\项目练习\shopping-mall\server\node_modules\_egg-logrotator@3.1.0@egg-logrotator\app\schedule\rotate_by_file.js
2020-06-23 08:41:49,574 INFO 5572 [egg-schedule]: register schedule E:\web前端\项目练习\shopping-mall\server\node_modules\_egg-multipart@2.10.3@egg-multipart\app\schedule\clean_tmpdir.js
2020-06-23 08:41:49,574 INFO 5572 [egg-schedule]: register schedule E:\web前端\项目练习\shopping-mall\server\node_modules\_egg-logrotator@3.1.0@egg-logrotator\app\schedule\clean_log.js
2020-06-23 08:41:49,574 INFO 5572 [egg-schedule]: register schedule E:\web前端\项目练习\shopping-mall\server\node_modules\_egg-logrotator@3.1.0@egg-logrotator\app\schedule\rotate_by_file.js
2020-06-23 08:41:50,031 INFO 11064 [egg-schedule]: register schedule E:\web前端\项目练习\shopping-mall\server\node_modules\_egg-multipart@2.10.3@egg-multipart\app\schedule\clean_tmpdir.js
2020-06-23 08:41:50,031 INFO 11064 [egg-schedule]: register schedule E:\web前端\项目练习\shopping-mall\server\node_modules\_egg-logrotator@3.1.0@egg-logrotator\app\schedule\clean_log.js
2020-06-23 08:41:50,031 INFO 11064 [egg-schedule]: register schedule E:\web前端\项目练习\shopping-mall\server\node_modules\_egg-logrotator@3.1.0@egg-logrotator\app\schedule\rotate_by_file.js
2020-06-23 08:42:11,745 INFO 6532 [Timer] E:\web前端\项目练习\shopping-mall\server\node_modules\_egg-multipart@2.10.3@egg-multipart\app\schedule\clean_tmpdir.js next time will execute after 71268258ms at 2020-06-24 04:30:00.003
2020-06-23 08:42:11,746 INFO 6532 [Timer] E:\web前端\项目练习\shopping-mall\server\node_modules\_egg-logrotator@3.1.0@egg-logrotator\app\schedule\clean_log.js next time will execute after 55068255ms at 2020-06-24 00:00:00.000
2020-06-23 08:42:11,746 INFO 6532 [Timer] E:\web前端\项目练习\shopping-mall\server\node_modules\_egg-logrotator@3.1.0@egg-logrotator\app\schedule\rotate_by_file.js next time will execute after 55069254ms at 2020-06-24 00:00:01.000
2020-06-23 08:42:17,853 INFO 8016 [egg-schedule]: register schedule E:\web前端\项目练习\shopping-mall\server\node_modules\_egg-multipart@2.10.3@egg-multipart\app\schedule\clean_tmpdir.js
2020-06-23 08:42:17,853 INFO 8016 [egg-schedule]: register schedule E:\web前端\项目练习\shopping-mall\server\node_modules\_egg-logrotator@3.1.0@egg-logrotator\app\schedule\clean_log.js
2020-06-23 08:42:17,854 INFO 8016 [egg-schedule]: register schedule E:\web前端\项目练习\shopping-mall\server\node_modules\_egg-logrotator@3.1.0@egg-logrotator\app\schedule\rotate_by_file.js
2020-06-23 08:42:20,784 INFO 8140 [egg-schedule]: register schedule E:\web前端\项目练习\shopping-mall\server\node_modules\_egg-multipart@2.10.3@egg-multipart\app\schedule\clean_tmpdir.js
2020-06-23 08:42:20,784 INFO 8140 [egg-schedule]: register schedule E:\web前端\项目练习\shopping-mall\server\node_modules\_egg-logrotator@3.1.0@egg-logrotator\app\schedule\clean_log.js
2020-06-23 08:42:20,784 INFO 8140 [egg-schedule]: register schedule E:\web前端\项目练习\shopping-mall\server\node_modules\_egg-logrotator@3.1.0@egg-logrotator\app\schedule\rotate_by_file.js
