2020-07-06 00:00:01,020 INFO 5296 [egg-logrotator] app logger reload: got log-reload message
2020-07-06 08:55:58,980 INFO 11152 [egg:logger] init all loggers with options: {"dir":"E:\\web前端\\项目练习\\shopping-mall\\server\\logs\\server","encoding":"utf8","env":"local","level":"INFO","consoleLevel":"INFO","disableConsoleAfterReady":false,"outputJSON":false,"buffer":true,"appLogName":"server-web.log","coreLogName":"egg-web.log","agentLogName":"egg-agent.log","errorLogName":"common-error.log","coreLogger":{"consoleLevel":"WARN"},"allowDebugAtProd":false,"type":"application"}
2020-07-06 08:55:59,030 INFO 11152 [egg-multipart] stream mode enable
2020-07-06 08:56:08,269 INFO 11152 [egg-mongoose] connecting mongodb://127.0.0.1/shoppingMall
2020-07-06 08:56:13,284 INFO 11152 [egg-static] starting static serve /public/ -> E:\web前端\项目练习\shopping-mall\server\app\public
2020-07-06 08:56:13,292 INFO 11152 [egg-security] use methodnoallow middleware
2020-07-06 08:56:13,301 INFO 11152 [egg-security] use noopen middleware
2020-07-06 08:56:13,308 INFO 11152 [egg-security] use nosniff middleware
2020-07-06 08:56:13,315 INFO 11152 [egg-security] use xssProtection middleware
2020-07-06 08:56:13,321 INFO 11152 [egg-security] use xframe middleware
2020-07-06 08:56:13,327 INFO 11152 [egg-security] use dta middleware
2020-07-06 08:56:13,327 INFO 11152 [egg-security] compose 6 middlewares into one security middleware
2020-07-06 08:56:13,583 INFO 11152 [egg:core] dump config after load, 18ms
2020-07-06 08:56:13,589 INFO 11152 [egg-mongoose] starting...
2020-07-06 08:55:59,646 INFO 1268 [egg:logger] init all loggers with options: {"dir":"E:\\web前端\\项目练习\\shopping-mall\\server\\logs\\server","encoding":"utf8","env":"local","level":"INFO","consoleLevel":"INFO","disableConsoleAfterReady":false,"outputJSON":false,"buffer":true,"appLogName":"server-web.log","coreLogName":"egg-web.log","agentLogName":"egg-agent.log","errorLogName":"common-error.log","coreLogger":{"consoleLevel":"WARN"},"allowDebugAtProd":false,"type":"application"}
2020-07-06 08:55:59,679 INFO 1268 [egg-multipart] stream mode enable
2020-07-06 08:56:08,268 INFO 1268 [egg-mongoose] connecting mongodb://127.0.0.1/shoppingMall
2020-07-06 08:56:13,283 INFO 1268 [egg-static] starting static serve /public/ -> E:\web前端\项目练习\shopping-mall\server\app\public
2020-07-06 08:56:13,296 INFO 1268 [egg-security] use methodnoallow middleware
2020-07-06 08:56:13,300 INFO 1268 [egg-security] use noopen middleware
2020-07-06 08:56:13,307 INFO 1268 [egg-security] use nosniff middleware
2020-07-06 08:56:13,314 INFO 1268 [egg-security] use xssProtection middleware
2020-07-06 08:56:13,320 INFO 1268 [egg-security] use xframe middleware
2020-07-06 08:56:13,326 INFO 1268 [egg-security] use dta middleware
2020-07-06 08:56:13,326 INFO 1268 [egg-security] compose 6 middlewares into one security middleware
2020-07-06 08:56:13,581 INFO 1268 [egg:core] dump config after load, 16ms
2020-07-06 08:56:13,587 INFO 1268 [egg-mongoose] starting...
2020-07-06 08:56:13,874 INFO 1268 [egg-mongoose] mongodb://127.0.0.1/shoppingMall connected successfully
2020-07-06 08:56:13,888 INFO 1268 [egg-mongoose] instance[0] start successfully
2020-07-06 08:56:13,890 INFO 1268 [egg-watcher:application] watcher start success
2020-07-06 08:56:13,997 INFO 1268 [egg:core] dump config after ready, 71ms
2020-07-06 08:56:15,014 INFO 10444 [egg:logger] init all loggers with options: {"dir":"E:\\web前端\\项目练习\\shopping-mall\\server\\logs\\server","encoding":"utf8","env":"local","level":"INFO","consoleLevel":"INFO","disableConsoleAfterReady":false,"outputJSON":false,"buffer":true,"appLogName":"server-web.log","coreLogName":"egg-web.log","agentLogName":"egg-agent.log","errorLogName":"common-error.log","coreLogger":{"consoleLevel":"WARN"},"allowDebugAtProd":false,"type":"application"}
2020-07-06 08:56:15,044 INFO 10444 [egg-multipart] stream mode enable
2020-07-06 08:56:15,505 INFO 10444 [egg-mongoose] connecting mongodb://127.0.0.1/shoppingMall
2020-07-06 08:56:15,768 INFO 10444 [egg-static] starting static serve /public/ -> E:\web前端\项目练习\shopping-mall\server\app\public
2020-07-06 08:56:15,770 INFO 10444 [egg-security] use methodnoallow middleware
2020-07-06 08:56:15,771 INFO 10444 [egg-security] use noopen middleware
2020-07-06 08:56:15,776 INFO 10444 [egg-security] use nosniff middleware
2020-07-06 08:56:15,777 INFO 10444 [egg-security] use xssProtection middleware
2020-07-06 08:56:15,778 INFO 10444 [egg-security] use xframe middleware
2020-07-06 08:56:15,778 INFO 10444 [egg-security] use dta middleware
2020-07-06 08:56:15,778 INFO 10444 [egg-security] compose 6 middlewares into one security middleware
2020-07-06 08:56:15,813 INFO 10444 [egg:core] dump config after load, 20ms
2020-07-06 08:56:15,817 INFO 10444 [egg-mongoose] starting...
2020-07-06 08:56:15,877 INFO 10444 [egg-mongoose] mongodb://127.0.0.1/shoppingMall connected successfully
2020-07-06 08:56:15,893 INFO 10444 [egg-mongoose] instance[0] start successfully
2020-07-06 08:56:15,895 INFO 10444 [egg-watcher:application] watcher start success
2020-07-06 08:56:15,962 INFO 10444 [egg:core] dump config after ready, 63ms
